manifest-merger-release-report.txt
-- Merging decision tree log ---
manifest
ADDED from AndroidManifest.xml:2:1
	xmlns:android
		ADDED from AndroidManifest.xml:2:11
	package
		ADDED from AndroidManifest.xml:3:5
		INJECTED from AndroidManifest.xml:0:0
		INJECTED from AndroidManifest.xml:0:0
	android:versionName
		ADDED from AndroidManifest.xml:5:5
		INJECTED from AndroidManifest.xml:0:0
		INJECTED from AndroidManifest.xml:0:0
	android:versionCode
		ADDED from AndroidManifest.xml:4:5
		INJECTED from AndroidManifest.xml:0:0
		INJECTED from AndroidManifest.xml:0:0
uses-sdk
ADDED from AndroidManifest.xml:7:5
MERGED from com.actionbarsherlock:actionbarsherlock:4.4.0:3:3
	android:targetSdkVersion
		ADDED from AndroidManifest.xml:9:9
		INJECTED from AndroidManifest.xml:0:0
		INJECTED from AndroidManifest.xml:0:0
	android:minSdkVersion
		ADDED from AndroidManifest.xml:8:9
		INJECTED from AndroidManifest.xml:0:0
		INJECTED from AndroidManifest.xml:0:0
uses-permission#android.permission.INTERNET
ADDED from AndroidManifest.xml:11:5
	android:name
		ADDED from AndroidManifest.xml:11:22
uses-permission#android.permission.RECEIVE_BOOT_COMPLETED
ADDED from AndroidManifest.xml:12:5
	android:name
		ADDED from AndroidManifest.xml:12:22
uses-permission#android.permission.WRITE_EXTERNAL_STORAGE
ADDED from AndroidManifest.xml:13:5
	android:name
		ADDED from AndroidManifest.xml:13:22
application
ADDED from AndroidManifest.xml:15:5
MERGED from com.actionbarsherlock:actionbarsherlock:4.4.0:4:3
	android:label
		ADDED from AndroidManifest.xml:18:9
	android:allowBackup
		ADDED from AndroidManifest.xml:16:9
	android:icon
		ADDED from AndroidManifest.xml:17:9
	android:theme
		ADDED from AndroidManifest.xml:19:9
receiver#com.sevenhourdev.getlyric.BootCompleted
ADDED from AndroidManifest.xml:20:9
	android:name
		ADDED from AndroidManifest.xml:20:19
intent-filter#android.intent.action.BOOT_COMPLETED
ADDED from AndroidManifest.xml:21:13
action#android.intent.action.BOOT_COMPLETED
ADDED from AndroidManifest.xml:22:17
	android:name
		ADDED from AndroidManifest.xml:22:25
service#com.sevenhourdev.getlyric.BackgroundCheckMusicPlaying
ADDED from AndroidManifest.xml:26:9
	android:name
		ADDED from AndroidManifest.xml:26:18
activity#com.sevenhourdev.getlyric.MainActivity
ADDED from AndroidManifest.xml:28:9
	android:windowSoftInputMode
		ADDED from AndroidManifest.xml:32:13
	android:label
		ADDED from AndroidManifest.xml:30:13
	android:theme
		ADDED from AndroidManifest.xml:31:13
	android:name
		ADDED from AndroidManifest.xml:29:13
intent-filter#android.intent.action.MAIN+android.intent.category.LAUNCHER
ADDED from AndroidManifest.xml:33:13
action#android.intent.action.MAIN
ADDED from AndroidManifest.xml:34:17
	android:name
		ADDED from AndroidManifest.xml:34:25
category#android.intent.category.LAUNCHER
ADDED from AndroidManifest.xml:36:17
	android:name
		ADDED from AndroidManifest.xml:36:27
activity#com.sevenhourdev.getlyric.DisplayMessageActivity
ADDED from AndroidManifest.xml:39:9
	android:label
		ADDED from AndroidManifest.xml:41:13
	android:theme
		ADDED from AndroidManifest.xml:43:13
	android:parentActivityName
		ADDED from AndroidManifest.xml:42:13
	android:name
		ADDED from AndroidManifest.xml:40:13
meta-data#android.support.PARENT_ACTIVITY
ADDED from AndroidManifest.xml:44:13
	android:name
		ADDED from AndroidManifest.xml:45:17
	android:value
		ADDED from AndroidManifest.xml:46:17
activity#com.sevenhourdev.getlyric.SearchActivity
ADDED from AndroidManifest.xml:49:9
	android:parentActivityName
		ADDED from AndroidManifest.xml:52:13
	android:name
		ADDED from AndroidManifest.xml:50:13
	android:launchMode
		ADDED from AndroidManifest.xml:51:13
intent-filter#android.intent.action.SEARCH
ADDED from AndroidManifest.xml:53:13
action#android.intent.action.SEARCH
ADDED from AndroidManifest.xml:54:17
	android:name
		ADDED from AndroidManifest.xml:54:25
intent-filter#android.intent.action.VIEW
ADDED from AndroidManifest.xml:56:13
action#android.intent.action.VIEW
ADDED from AndroidManifest.xml:57:17
	android:name
		ADDED from AndroidManifest.xml:57:25
meta-data#android.app.searchable
ADDED from AndroidManifest.xml:60:13
	android:resource
		ADDED from AndroidManifest.xml:62:17
	android:name
		ADDED from AndroidManifest.xml:61:17
activity#com.sevenhourdev.getlyric.LoadingLyrics
ADDED from AndroidManifest.xml:64:9
	android:label
		ADDED from AndroidManifest.xml:66:13
	android:theme
		ADDED from AndroidManifest.xml:67:13
	android:name
		ADDED from AndroidManifest.xml:65:13
activity#com.sevenhourdev.getlyric.SettingsActivity
ADDED from AndroidManifest.xml:69:9
	android:label
		ADDED from AndroidManifest.xml:71:13
	android:theme
		ADDED from AndroidManifest.xml:72:13
	android:name
		ADDED from AndroidManifest.xml:70:13
uses-permission#android.permission.VIBRATE
ADDED from AndroidManifest.xml:76:5
	android:name
		ADDED from AndroidManifest.xml:76:22